
2024-09-29 15:27:33,868 - INFO - app.config - FastAPI application is starting...
2024-09-29 15:27:36,638 - INFO - app.config - Request received
2024-09-29 15:27:39,507 - INFO - app.config - Request received
2024-09-29 15:27:39,657 - INFO - app.config - Request received
2024-09-29 15:28:57,941 - INFO - app.config - Request received
2024-09-29 15:28:57,943 - INFO - app.authentication - Getting user email from token eyJhbGciOiJIUzI1NiIsInR5cCI6IkpXVCJ9.eyJlbWFpbCI6InRlc3QyMjJhc2RAZXhhbXBsZS5jb20iLCJleHAiOjE3Mjc3MjA5MjQsImlhdCI6MTcyNzYzNDUyNH0.MO3KwTfAX6GoOZZWYFoIH-YThdl-khEJYl5a-sG_wZs
2024-09-29 15:28:57,947 - DEBUG - urllib3.connectionpool - Starting new HTTPS connection (1): auth-microservice-vvr6.onrender.com:443
2024-09-29 15:28:58,775 - DEBUG - urllib3.connectionpool - https://auth-microservice-vvr6.onrender.com:443 "GET /auth/get-email-from-token HTTP/1.1" 200 None
2024-09-29 15:28:58,779 - INFO - app.authentication - User email: test222asd@example.com
2024-09-29 15:28:58,782 - DEBUG - pymongo.serverSelection - {"message": "Server selection started", "selector": "<function writable_server_selector at 0x7e96f23c83a0>", "operation": "insert", "topologyDescription": "<TopologyDescription id: 66f99c15dcf674a1a9c6e2ee, topology_type: Single, servers: [<ServerDescription ('localhost', 27017) server_type: Standalone, rtt: 0.0029571256041780497>]>", "clientId": {"$oid": "66f99c15dcf674a1a9c6e2ee"}}
2024-09-29 15:28:58,783 - DEBUG - pymongo.serverSelection - {"message": "Server selection succeeded", "selector": "<function writable_server_selector at 0x7e96f23c83a0>", "operation": "insert", "topologyDescription": "<TopologyDescription id: 66f99c15dcf674a1a9c6e2ee, topology_type: Single, servers: [<ServerDescription ('localhost', 27017) server_type: Standalone, rtt: 0.0029571256041780497>]>", "clientId": {"$oid": "66f99c15dcf674a1a9c6e2ee"}, "serverHost": "localhost", "serverPort": 27017}
2024-09-29 15:28:58,829 - DEBUG - pymongo.command - {"clientId": {"$oid": "66f99c15dcf674a1a9c6e2ee"}, "message": "Command started", "command": "{\"insert\": \"twitsnaps\", \"ordered\": true, \"apiVersion\": \"1\", \"lsid\": {\"id\": {\"$binary\": {\"base64\": \"FBHEsW9XS0WF9XMGn3SiHA==\", \"subType\": \"04\"}}}, \"$db\": \"twitsnaps\", \"documents\": [{\"email\": \"test222asd@example.com\", \"message\": \"string\", \"created_at\": {\"$date\": \"2024-09-29T15:28:58.781Z\"}, \"is_private\": true, \"_id\": {\"$oid\": \"66f99c6adcf674a1a9c6e2ef\"}}]}", "commandName": "insert", "databaseName": "twitsnaps", "requestId": 1102520059, "operationId": 1102520059, "driverConnectionId": 1, "serverConnectionId": 6, "serverHost": "localhost", "serverPort": 27017}
2024-09-29 15:28:58,833 - DEBUG - pymongo.command - {"clientId": {"$oid": "66f99c15dcf674a1a9c6e2ee"}, "message": "Command succeeded", "durationMS": 4.897, "reply": "{\"n\": 1, \"ok\": 1.0}", "commandName": "insert", "databaseName": "twitsnaps", "requestId": 1102520059, "operationId": 1102520059, "driverConnectionId": 1, "serverConnectionId": 6, "serverHost": "localhost", "serverPort": 27017}
2024-09-29 15:37:21,843 - INFO - app.config - Request received
2024-09-29 15:37:21,844 - INFO - app.authentication - Getting user email from token eyJhbGciOiJIUzI1NiIsInR5cCI6IkpXVCJ9.eyJlbWFpbCI6InRlc3QyMjJhc2RAZXhhbXBsZS5jb20iLCJleHAiOjE3Mjc3MjA5MjQsImlhdCI6MTcyNzYzNDUyNH0.MO3KwTfAX6GoOZZWYFoIH-YThdl-khEJYl5a-sG_wZs
2024-09-29 15:37:21,846 - DEBUG - urllib3.connectionpool - Starting new HTTPS connection (1): auth-microservice-vvr6.onrender.com:443
2024-09-29 15:37:22,797 - DEBUG - urllib3.connectionpool - https://auth-microservice-vvr6.onrender.com:443 "GET /auth/get-email-from-token HTTP/1.1" 200 None
2024-09-29 15:37:22,805 - INFO - app.authentication - User email: test222asd@example.com
2024-09-29 15:37:22,807 - DEBUG - pymongo.serverSelection - {"message": "Server selection started", "selector": "Primary()", "operation": "find", "topologyDescription": "<TopologyDescription id: 66f99c15dcf674a1a9c6e2ee, topology_type: Single, servers: [<ServerDescription ('localhost', 27017) server_type: Standalone, rtt: 0.0013956819726836508>]>", "clientId": {"$oid": "66f99c15dcf674a1a9c6e2ee"}}
2024-09-29 15:37:22,808 - DEBUG - pymongo.serverSelection - {"message": "Server selection succeeded", "selector": "Primary()", "operation": "find", "topologyDescription": "<TopologyDescription id: 66f99c15dcf674a1a9c6e2ee, topology_type: Single, servers: [<ServerDescription ('localhost', 27017) server_type: Standalone, rtt: 0.0013956819726836508>]>", "clientId": {"$oid": "66f99c15dcf674a1a9c6e2ee"}, "serverHost": "localhost", "serverPort": 27017}
2024-09-29 15:37:22,809 - DEBUG - pymongo.command - {"clientId": {"$oid": "66f99c15dcf674a1a9c6e2ee"}, "message": "Command started", "command": "{\"find\": \"twitsnaps\", \"filter\": {\"email\": \"test222asd@example.com\"}, \"sort\": {\"created_at\": -1}, \"apiVersion\": \"1\", \"lsid\": {\"id\": {\"$binary\": {\"base64\": \"FBHEsW9XS0WF9XMGn3SiHA==\", \"subType\": \"04\"}}}, \"$db\": \"twitsnaps\"}", "commandName": "find", "databaseName": "twitsnaps", "requestId": 572660336, "operationId": 572660336, "driverConnectionId": 1, "serverConnectionId": 6, "serverHost": "localhost", "serverPort": 27017}
2024-09-29 15:37:22,811 - DEBUG - pymongo.command - {"clientId": {"$oid": "66f99c15dcf674a1a9c6e2ee"}, "message": "Command succeeded", "durationMS": 2.248, "reply": "{\"cursor\": {\"firstBatch\": [{\"_id\": {\"$oid\": \"66f99c6adcf674a1a9c6e2ef\"}, \"email\": \"test222asd@example.com\", \"message\": \"string\", \"created_at\": {\"$date\": \"2024-09-29T15:28:58.781Z\"}, \"is_private\": true}], \"ns\": \"twitsnaps.twitsnaps\"}, \"ok\": 1.0}", "commandName": "find", "databaseName": "twitsnaps", "requestId": 572660336, "operationId": 572660336, "driverConnectionId": 1, "serverConnectionId": 6, "serverHost": "localhost", "serverPort": 27017}
2024-09-29 15:51:35,820 - INFO - app.config - Request received
2024-09-29 15:51:35,822 - INFO - app.authentication - Getting user email from token eyJhbGciOiJIUzI1NiIsInR5cCI6IkpXVCJ9.eyJlbWFpbCI6InRlc3QyMjJhc2RAZXhhbXBsZS5jb20iLCJleHAiOjE3Mjc3MjA5MjQsImlhdCI6MTcyNzYzNDUyNH0.MO3KwTfAX6GoOZZWYFoIH-YThdl-khEJYl5a-sG_wZs
2024-09-29 15:51:35,824 - DEBUG - urllib3.connectionpool - Starting new HTTPS connection (1): auth-microservice-vvr6.onrender.com:443
2024-09-29 15:51:36,256 - DEBUG - urllib3.connectionpool - https://auth-microservice-vvr6.onrender.com:443 "GET /auth/get-email-from-token HTTP/1.1" 200 None
2024-09-29 15:51:36,261 - INFO - app.authentication - User email: test222asd@example.com
2024-09-29 15:51:36,266 - DEBUG - pymongo.serverSelection - {"message": "Server selection started", "selector": "Primary()", "operation": "find", "topologyDescription": "<TopologyDescription id: 66f99c15dcf674a1a9c6e2ee, topology_type: Single, servers: [<ServerDescription ('localhost', 27017) server_type: Standalone, rtt: 0.0009409104198600595>]>", "clientId": {"$oid": "66f99c15dcf674a1a9c6e2ee"}}
2024-09-29 15:51:36,266 - DEBUG - pymongo.serverSelection - {"message": "Server selection succeeded", "selector": "Primary()", "operation": "find", "topologyDescription": "<TopologyDescription id: 66f99c15dcf674a1a9c6e2ee, topology_type: Single, servers: [<ServerDescription ('localhost', 27017) server_type: Standalone, rtt: 0.0009409104198600595>]>", "clientId": {"$oid": "66f99c15dcf674a1a9c6e2ee"}, "serverHost": "localhost", "serverPort": 27017}
2024-09-29 15:51:36,273 - DEBUG - pymongo.command - {"clientId": {"$oid": "66f99c15dcf674a1a9c6e2ee"}, "message": "Command started", "command": "{\"find\": \"twitsnaps\", \"filter\": {\"email\": \"test222asd@example.com\"}, \"sort\": {\"created_at\": -1}, \"apiVersion\": \"1\", \"lsid\": {\"id\": {\"$binary\": {\"base64\": \"FBHEsW9XS0WF9XMGn3SiHA==\", \"subType\": \"04\"}}}, \"$db\": \"twitsnaps\"}", "commandName": "find", "databaseName": "twitsnaps", "requestId": 150122846, "operationId": 150122846, "driverConnectionId": 2, "serverConnectionId": 36, "serverHost": "localhost", "serverPort": 27017}
2024-09-29 15:51:36,274 - DEBUG - pymongo.command - {"clientId": {"$oid": "66f99c15dcf674a1a9c6e2ee"}, "message": "Command succeeded", "durationMS": 1.474, "reply": "{\"cursor\": {\"ns\": \"twitsnaps.twitsnaps\"}, \"ok\": 1.0}", "commandName": "find", "databaseName": "twitsnaps", "requestId": 150122846, "operationId": 150122846, "driverConnectionId": 2, "serverConnectionId": 36, "serverHost": "localhost", "serverPort": 27017}
2024-09-29 15:51:52,765 - INFO - app.config - Request received
2024-09-29 15:51:52,766 - INFO - app.authentication - Getting user email from token eyJhbGciOiJIUzI1NiIsInR5cCI6IkpXVCJ9.eyJlbWFpbCI6InRlc3QyMjJhc2RAZXhhbXBsZS5jb20iLCJleHAiOjE3Mjc3MjA5MjQsImlhdCI6MTcyNzYzNDUyNH0.MO3KwTfAX6GoOZZWYFoIH-YThdl-khEJYl5a-sG_wZs
2024-09-29 15:51:52,769 - DEBUG - urllib3.connectionpool - Starting new HTTPS connection (1): auth-microservice-vvr6.onrender.com:443
2024-09-29 15:51:53,166 - DEBUG - urllib3.connectionpool - https://auth-microservice-vvr6.onrender.com:443 "GET /auth/get-email-from-token HTTP/1.1" 200 None
2024-09-29 15:51:53,171 - INFO - app.authentication - User email: test222asd@example.com
2024-09-29 15:51:53,174 - DEBUG - pymongo.serverSelection - {"message": "Server selection started", "selector": "<function writable_server_selector at 0x7e96f23c83a0>", "operation": "insert", "topologyDescription": "<TopologyDescription id: 66f99c15dcf674a1a9c6e2ee, topology_type: Single, servers: [<ServerDescription ('localhost', 27017) server_type: Standalone, rtt: 0.0011085417094475903>]>", "clientId": {"$oid": "66f99c15dcf674a1a9c6e2ee"}}
2024-09-29 15:51:53,175 - DEBUG - pymongo.serverSelection - {"message": "Server selection succeeded", "selector": "<function writable_server_selector at 0x7e96f23c83a0>", "operation": "insert", "topologyDescription": "<TopologyDescription id: 66f99c15dcf674a1a9c6e2ee, topology_type: Single, servers: [<ServerDescription ('localhost', 27017) server_type: Standalone, rtt: 0.0011085417094475903>]>", "clientId": {"$oid": "66f99c15dcf674a1a9c6e2ee"}, "serverHost": "localhost", "serverPort": 27017}
2024-09-29 15:51:53,175 - DEBUG - pymongo.command - {"clientId": {"$oid": "66f99c15dcf674a1a9c6e2ee"}, "message": "Command started", "command": "{\"insert\": \"twitsnaps\", \"ordered\": true, \"apiVersion\": \"1\", \"lsid\": {\"id\": {\"$binary\": {\"base64\": \"FBHEsW9XS0WF9XMGn3SiHA==\", \"subType\": \"04\"}}}, \"$db\": \"twitsnaps\", \"documents\": [{\"email\": \"test222asd@example.com\", \"message\": \"string\", \"created_at\": {\"$date\": \"2024-09-29T15:51:53.173Z\"}, \"is_private\": true, \"_id\": {\"$oid\": \"66f9a1c9dcf674a1a9c6e2f0\"}}]}", "commandName": "insert", "databaseName": "twitsnaps", "requestId": 990892921, "operationId": 990892921, "driverConnectionId": 2, "serverConnectionId": 36, "serverHost": "localhost", "serverPort": 27017}
2024-09-29 15:51:53,202 - DEBUG - pymongo.command - {"clientId": {"$oid": "66f99c15dcf674a1a9c6e2ee"}, "message": "Command succeeded", "durationMS": 26.955, "reply": "{\"n\": 1, \"ok\": 1.0}", "commandName": "insert", "databaseName": "twitsnaps", "requestId": 990892921, "operationId": 990892921, "driverConnectionId": 2, "serverConnectionId": 36, "serverHost": "localhost", "serverPort": 27017}
2024-09-29 15:52:08,499 - INFO - app.config - Request received
2024-09-29 15:52:08,500 - INFO - app.authentication - Getting user email from token eyJhbGciOiJIUzI1NiIsInR5cCI6IkpXVCJ9.eyJlbWFpbCI6InRlc3QyMjJhc2RAZXhhbXBsZS5jb20iLCJleHAiOjE3Mjc3MjA5MjQsImlhdCI6MTcyNzYzNDUyNH0.MO3KwTfAX6GoOZZWYFoIH-YThdl-khEJYl5a-sG_wZs
2024-09-29 15:52:08,505 - DEBUG - urllib3.connectionpool - Starting new HTTPS connection (1): auth-microservice-vvr6.onrender.com:443
2024-09-29 15:52:08,864 - DEBUG - urllib3.connectionpool - https://auth-microservice-vvr6.onrender.com:443 "GET /auth/get-email-from-token HTTP/1.1" 200 None
2024-09-29 15:52:08,871 - INFO - app.authentication - User email: test222asd@example.com
2024-09-29 15:52:08,873 - DEBUG - pymongo.serverSelection - {"message": "Server selection started", "selector": "Primary()", "operation": "find", "topologyDescription": "<TopologyDescription id: 66f99c15dcf674a1a9c6e2ee, topology_type: Single, servers: [<ServerDescription ('localhost', 27017) server_type: Standalone, rtt: 0.0010659710141261514>]>", "clientId": {"$oid": "66f99c15dcf674a1a9c6e2ee"}}
2024-09-29 15:52:08,874 - DEBUG - pymongo.serverSelection - {"message": "Server selection succeeded", "selector": "Primary()", "operation": "find", "topologyDescription": "<TopologyDescription id: 66f99c15dcf674a1a9c6e2ee, topology_type: Single, servers: [<ServerDescription ('localhost', 27017) server_type: Standalone, rtt: 0.0010659710141261514>]>", "clientId": {"$oid": "66f99c15dcf674a1a9c6e2ee"}, "serverHost": "localhost", "serverPort": 27017}
2024-09-29 15:52:08,875 - DEBUG - pymongo.command - {"clientId": {"$oid": "66f99c15dcf674a1a9c6e2ee"}, "message": "Command started", "command": "{\"find\": \"twitsnaps\", \"filter\": {\"_id\": {\"$oid\": \"66f9a1c9dcf674a1a9c6e2f0\"}}, \"limit\": 1, \"singleBatch\": true, \"apiVersion\": \"1\", \"lsid\": {\"id\": {\"$binary\": {\"base64\": \"FBHEsW9XS0WF9XMGn3SiHA==\", \"subType\": \"04\"}}}, \"$db\": \"twitsnaps\"}", "commandName": "find", "databaseName": "twitsnaps", "requestId": 1622597488, "operationId": 1622597488, "driverConnectionId": 2, "serverConnectionId": 36, "serverHost": "localhost", "serverPort": 27017}
2024-09-29 15:52:08,878 - DEBUG - pymongo.command - {"clientId": {"$oid": "66f99c15dcf674a1a9c6e2ee"}, "message": "Command succeeded", "durationMS": 2.492, "reply": "{\"cursor\": {\"firstBatch\": [{\"_id\": {\"$oid\": \"66f9a1c9dcf674a1a9c6e2f0\"}, \"email\": \"test222asd@example.com\", \"message\": \"string\", \"created_at\": {\"$date\": \"2024-09-29T15:51:53.173Z\"}, \"is_private\": true}], \"ns\": \"twitsnaps.twitsnaps\"}, \"ok\": 1.0}", "commandName": "find", "databaseName": "twitsnaps", "requestId": 1622597488, "operationId": 1622597488, "driverConnectionId": 2, "serverConnectionId": 36, "serverHost": "localhost", "serverPort": 27017}
2024-09-29 15:52:08,881 - DEBUG - pymongo.serverSelection - {"message": "Server selection started", "selector": "<function writable_server_selector at 0x7e96f23c83a0>", "operation": "delete", "topologyDescription": "<TopologyDescription id: 66f99c15dcf674a1a9c6e2ee, topology_type: Single, servers: [<ServerDescription ('localhost', 27017) server_type: Standalone, rtt: 0.0010659710141261514>]>", "clientId": {"$oid": "66f99c15dcf674a1a9c6e2ee"}}
2024-09-29 15:52:08,883 - DEBUG - pymongo.serverSelection - {"message": "Server selection succeeded", "selector": "<function writable_server_selector at 0x7e96f23c83a0>", "operation": "delete", "topologyDescription": "<TopologyDescription id: 66f99c15dcf674a1a9c6e2ee, topology_type: Single, servers: [<ServerDescription ('localhost', 27017) server_type: Standalone, rtt: 0.0010659710141261514>]>", "clientId": {"$oid": "66f99c15dcf674a1a9c6e2ee"}, "serverHost": "localhost", "serverPort": 27017}
2024-09-29 15:52:08,885 - DEBUG - pymongo.command - {"clientId": {"$oid": "66f99c15dcf674a1a9c6e2ee"}, "message": "Command started", "command": "{\"delete\": \"twitsnaps\", \"ordered\": true, \"apiVersion\": \"1\", \"lsid\": {\"id\": {\"$binary\": {\"base64\": \"FBHEsW9XS0WF9XMGn3SiHA==\", \"subType\": \"04\"}}}, \"$db\": \"twitsnaps\", \"deletes\": [{\"q\": {\"_id\": {\"$oid\": \"66f9a1c9dcf674a1a9c6e2f0\"}}, \"limit\": 1}]}", "commandName": "delete", "databaseName": "twitsnaps", "requestId": 111537764, "operationId": 111537764, "driverConnectionId": 2, "serverConnectionId": 36, "serverHost": "localhost", "serverPort": 27017}
2024-09-29 15:52:08,896 - DEBUG - pymongo.command - {"clientId": {"$oid": "66f99c15dcf674a1a9c6e2ee"}, "message": "Command succeeded", "durationMS": 11.758, "reply": "{\"n\": 1, \"ok\": 1.0}", "commandName": "delete", "databaseName": "twitsnaps", "requestId": 111537764, "operationId": 111537764, "driverConnectionId": 2, "serverConnectionId": 36, "serverHost": "localhost", "serverPort": 27017}
2024-09-29 15:56:02,511 - INFO - app.config - Request received
2024-09-29 15:56:02,512 - INFO - app.authentication - Getting user email from token eyJhbGciOiJIUzI1NiIsInR5cCI6IkpXVCJ9.eyJlbWFpbCI6InRlc3QyMjJhc2RAZXhhbXBsZS5jb20iLCJleHAiOjE3Mjc3MjA5MjQsImlhdCI6MTcyNzYzNDUyNH0.MO3KwTfAX6GoOZZWYFoIH-YThdl-khEJYl5a-sG_wZs
2024-09-29 15:56:02,514 - DEBUG - urllib3.connectionpool - Starting new HTTPS connection (1): auth-microservice-vvr6.onrender.com:443
2024-09-29 15:56:03,026 - DEBUG - urllib3.connectionpool - https://auth-microservice-vvr6.onrender.com:443 "GET /auth/get-email-from-token HTTP/1.1" 200 None
2024-09-29 15:56:03,029 - INFO - app.authentication - User email: test222asd@example.com
2024-09-29 15:56:03,031 - ERROR - app.config - Unhandled exception: '66f9a1c9dcf674a1a9c6y2f0' is not a valid ObjectId, it must be a 12-byte input or a 24-character hex string
2024-10-01 20:15:49,310 - DEBUG - pymongo.connection - {"clientId": {"$oid": "66fc82a587a4dc9c03d10764"}, "message": "Connection pool created", "serverHost": "twitsnaps-shard-00-00.gotah.mongodb.net", "serverPort": 27017}
2024-10-01 20:15:49,314 - DEBUG - pymongo.connection - {"clientId": {"$oid": "66fc82a587a4dc9c03d10764"}, "message": "Connection pool created", "serverHost": "twitsnaps-shard-00-01.gotah.mongodb.net", "serverPort": 27017}
2024-10-01 20:15:49,315 - DEBUG - pymongo.connection - {"clientId": {"$oid": "66fc82a587a4dc9c03d10764"}, "message": "Connection pool created", "serverHost": "twitsnaps-shard-00-02.gotah.mongodb.net", "serverPort": 27017}
2024-10-01 20:15:49,403 - INFO - app.config - FastAPI application is starting...
2024-10-01 20:15:49,615 - DEBUG - pymongo.connection - {"clientId": {"$oid": "66fc82a587a4dc9c03d10764"}, "message": "Connection pool ready", "serverHost": "twitsnaps-shard-00-00.gotah.mongodb.net", "serverPort": 27017}
2024-10-01 20:15:49,659 - DEBUG - pymongo.connection - {"clientId": {"$oid": "66fc82a587a4dc9c03d10764"}, "message": "Connection pool ready", "serverHost": "twitsnaps-shard-00-01.gotah.mongodb.net", "serverPort": 27017}
2024-10-01 20:15:49,701 - DEBUG - pymongo.connection - {"clientId": {"$oid": "66fc82a587a4dc9c03d10764"}, "message": "Connection pool ready", "serverHost": "twitsnaps-shard-00-02.gotah.mongodb.net", "serverPort": 27017}
2024-10-01 20:16:19,091 - INFO - app.config - Request received
2024-10-01 20:16:19,343 - INFO - app.config - Request received
2024-10-01 20:16:28,997 - INFO - app.config - Request received
2024-10-01 20:16:29,003 - DEBUG - pymongo.serverSelection - {"message": "Server selection started", "selector": "Primary()", "operation": "find", "topologyDescription": "<TopologyDescription id: 66fc82a587a4dc9c03d10764, topology_type: ReplicaSetWithPrimary, servers: [<ServerDescription ('twitsnaps-shard-00-00.gotah.mongodb.net', 27017) server_type: RSSecondary, rtt: 0.04459999999962747>, <ServerDescription ('twitsnaps-shard-00-01.gotah.mongodb.net', 27017) server_type: RSPrimary, rtt: 0.04891999999061227>, <ServerDescription ('twitsnaps-shard-00-02.gotah.mongodb.net', 27017) server_type: RSSecondary, rtt: 0.04699999990127981>]>", "clientId": {"$oid": "66fc82a587a4dc9c03d10764"}}
2024-10-01 20:16:29,007 - DEBUG - pymongo.serverSelection - {"message": "Server selection succeeded", "selector": "Primary()", "operation": "find", "topologyDescription": "<TopologyDescription id: 66fc82a587a4dc9c03d10764, topology_type: ReplicaSetWithPrimary, servers: [<ServerDescription ('twitsnaps-shard-00-00.gotah.mongodb.net', 27017) server_type: RSSecondary, rtt: 0.04459999999962747>, <ServerDescription ('twitsnaps-shard-00-01.gotah.mongodb.net', 27017) server_type: RSPrimary, rtt: 0.04891999999061227>, <ServerDescription ('twitsnaps-shard-00-02.gotah.mongodb.net', 27017) server_type: RSSecondary, rtt: 0.04699999990127981>]>", "clientId": {"$oid": "66fc82a587a4dc9c03d10764"}, "serverHost": "twitsnaps-shard-00-01.gotah.mongodb.net", "serverPort": 27017}
2024-10-01 20:16:29,009 - DEBUG - pymongo.connection - {"clientId": {"$oid": "66fc82a587a4dc9c03d10764"}, "message": "Connection checkout started", "serverHost": "twitsnaps-shard-00-01.gotah.mongodb.net", "serverPort": 27017}
2024-10-01 20:16:29,010 - DEBUG - pymongo.connection - {"clientId": {"$oid": "66fc82a587a4dc9c03d10764"}, "message": "Connection created", "serverHost": "twitsnaps-shard-00-01.gotah.mongodb.net", "serverPort": 27017, "driverConnectionId": 1}
2024-10-01 20:16:29,292 - DEBUG - pymongo.connection - {"clientId": {"$oid": "66fc82a587a4dc9c03d10764"}, "message": "Connection ready", "serverHost": "twitsnaps-shard-00-01.gotah.mongodb.net", "serverPort": 27017, "driverConnectionId": 1, "durationMS": 0.14099999982863665}
2024-10-01 20:16:29,293 - DEBUG - pymongo.connection - {"clientId": {"$oid": "66fc82a587a4dc9c03d10764"}, "message": "Connection checked out", "serverHost": "twitsnaps-shard-00-01.gotah.mongodb.net", "serverPort": 27017, "driverConnectionId": 1, "durationMS": 0.2809999999590218}
2024-10-01 20:16:29,294 - DEBUG - pymongo.command - {"clientId": {"$oid": "66fc82a587a4dc9c03d10764"}, "message": "Command started", "command": "{\"find\": \"twitsnaps\", \"sort\": {\"created_at\": -1}, \"apiVersion\": \"1\", \"lsid\": {\"id\": {\"$binary\": {\"base64\": \"AsMwRK0JSZ2gvprmPO+adA==\", \"subType\": \"04\"}}}, \"$clusterTime\": {\"clusterTime\": {\"$timestamp\": {\"t\": 1727824580, \"i\": 4}}, \"signature\": {\"hash\": {\"$binary\": {\"base64\": \"5eMxLqKbQKMIu3h0/VmlfPJwgeY=\", \"subType\": \"00\"}}, \"keyId\": 7384862756966498310}}, \"$db\": \"twitsnaps\"}", "commandName": "find", "databaseName": "twitsnaps", "requestId": 26500, "operationId": 26500, "driverConnectionId": 1, "serverConnectionId": 706943, "serverHost": "twitsnaps-shard-00-01.gotah.mongodb.net", "serverPort": 27017}
2024-10-01 20:16:29,337 - DEBUG - pymongo.command - {"clientId": {"$oid": "66fc82a587a4dc9c03d10764"}, "message": "Command succeeded", "durationMS": 43.05, "reply": "{\"cursor\": {\"ns\": \"twitsnaps.twitsnaps\"}, \"ok\": 1.0, \"$clusterTime\": {\"clusterTime\": {\"$timestamp\": {\"t\": 1727824589, \"i\": 9}}, \"signature\": {\"hash\": {\"$binary\": {\"base64\": \"TbbQnqO/dRYP4yfhGHxg+44BTBY=\", \"subType\": \"00\"}}, \"keyId\": 7384862756966498310}}, \"operationTime\": {\"$timestamp\": {\"t\": 1727824589, \"i\": 9}}}", "commandName": "find", "databaseName": "twitsnaps", "requestId": 26500, "operationId": 26500, "driverConnectionId": 1, "serverConnectionId": 706943, "serverHost": "twitsnaps-shard-00-01.gotah.mongodb.net", "serverPort": 27017}
2024-10-01 20:16:29,339 - DEBUG - pymongo.connection - {"clientId": {"$oid": "66fc82a587a4dc9c03d10764"}, "message": "Connection checked in", "serverHost": "twitsnaps-shard-00-01.gotah.mongodb.net", "serverPort": 27017, "driverConnectionId": 1}
2024-10-01 20:16:29,341 - WARNING - app.config - Caught HTTPException: No snaps found.
2024-10-01 20:20:17,694 - DEBUG - pymongo.connection - {"clientId": {"$oid": "66fc83b12646d0e9b9780b3c"}, "message": "Connection pool created", "serverHost": "twitsnaps-shard-00-01.gotah.mongodb.net", "serverPort": 27017}
2024-10-01 20:20:17,697 - DEBUG - pymongo.connection - {"clientId": {"$oid": "66fc83b12646d0e9b9780b3c"}, "message": "Connection pool created", "serverHost": "twitsnaps-shard-00-02.gotah.mongodb.net", "serverPort": 27017}
2024-10-01 20:20:17,699 - DEBUG - pymongo.connection - {"clientId": {"$oid": "66fc83b12646d0e9b9780b3c"}, "message": "Connection pool created", "serverHost": "twitsnaps-shard-00-00.gotah.mongodb.net", "serverPort": 27017}
2024-10-01 20:20:17,741 - INFO - app.config - FastAPI application is starting...
2024-10-01 20:20:17,932 - DEBUG - pymongo.connection - {"clientId": {"$oid": "66fc83b12646d0e9b9780b3c"}, "message": "Connection pool ready", "serverHost": "twitsnaps-shard-00-01.gotah.mongodb.net", "serverPort": 27017}
2024-10-01 20:20:17,993 - DEBUG - pymongo.connection - {"clientId": {"$oid": "66fc83b12646d0e9b9780b3c"}, "message": "Connection pool ready", "serverHost": "twitsnaps-shard-00-02.gotah.mongodb.net", "serverPort": 27017}
2024-10-01 20:20:18,096 - DEBUG - pymongo.connection - {"clientId": {"$oid": "66fc83b12646d0e9b9780b3c"}, "message": "Connection pool ready", "serverHost": "twitsnaps-shard-00-00.gotah.mongodb.net", "serverPort": 27017}
2024-10-01 20:20:41,714 - INFO - app.config - Request received
2024-10-01 20:20:41,829 - INFO - app.config - Request received
2024-10-01 20:20:52,376 - INFO - app.config - Request received
2024-10-01 20:20:52,379 - DEBUG - pymongo.serverSelection - {"message": "Server selection started", "selector": "Primary()", "operation": "find", "topologyDescription": "<TopologyDescription id: 66fc83b12646d0e9b9780b3c, topology_type: ReplicaSetWithPrimary, servers: [<ServerDescription ('twitsnaps-shard-00-00.gotah.mongodb.net', 27017) server_type: RSSecondary, rtt: 0.046488000018522144>, <ServerDescription ('twitsnaps-shard-00-01.gotah.mongodb.net', 27017) server_type: RSPrimary, rtt: 0.05000000004656613>, <ServerDescription ('twitsnaps-shard-00-02.gotah.mongodb.net', 27017) server_type: RSSecondary, rtt: 0.046999999983236194>]>", "clientId": {"$oid": "66fc83b12646d0e9b9780b3c"}}
2024-10-01 20:20:52,380 - DEBUG - pymongo.serverSelection - {"message": "Server selection succeeded", "selector": "Primary()", "operation": "find", "topologyDescription": "<TopologyDescription id: 66fc83b12646d0e9b9780b3c, topology_type: ReplicaSetWithPrimary, servers: [<ServerDescription ('twitsnaps-shard-00-00.gotah.mongodb.net', 27017) server_type: RSSecondary, rtt: 0.046488000018522144>, <ServerDescription ('twitsnaps-shard-00-01.gotah.mongodb.net', 27017) server_type: RSPrimary, rtt: 0.05000000004656613>, <ServerDescription ('twitsnaps-shard-00-02.gotah.mongodb.net', 27017) server_type: RSSecondary, rtt: 0.046999999983236194>]>", "clientId": {"$oid": "66fc83b12646d0e9b9780b3c"}, "serverHost": "twitsnaps-shard-00-01.gotah.mongodb.net", "serverPort": 27017}
2024-10-01 20:20:52,381 - DEBUG - pymongo.connection - {"clientId": {"$oid": "66fc83b12646d0e9b9780b3c"}, "message": "Connection checkout started", "serverHost": "twitsnaps-shard-00-01.gotah.mongodb.net", "serverPort": 27017}
2024-10-01 20:20:52,382 - DEBUG - pymongo.connection - {"clientId": {"$oid": "66fc83b12646d0e9b9780b3c"}, "message": "Connection created", "serverHost": "twitsnaps-shard-00-01.gotah.mongodb.net", "serverPort": 27017, "driverConnectionId": 1}
2024-10-01 20:20:52,659 - DEBUG - pymongo.connection - {"clientId": {"$oid": "66fc83b12646d0e9b9780b3c"}, "message": "Connection ready", "serverHost": "twitsnaps-shard-00-01.gotah.mongodb.net", "serverPort": 27017, "driverConnectionId": 1, "durationMS": 0.14099999982863665}
2024-10-01 20:20:52,662 - DEBUG - pymongo.connection - {"clientId": {"$oid": "66fc83b12646d0e9b9780b3c"}, "message": "Connection checked out", "serverHost": "twitsnaps-shard-00-01.gotah.mongodb.net", "serverPort": 27017, "driverConnectionId": 1, "durationMS": 0.2809999999590218}
2024-10-01 20:20:52,663 - DEBUG - pymongo.command - {"clientId": {"$oid": "66fc83b12646d0e9b9780b3c"}, "message": "Command started", "command": "{\"find\": \"twitsnaps\", \"sort\": {\"created_at\": -1}, \"apiVersion\": \"1\", \"lsid\": {\"id\": {\"$binary\": {\"base64\": \"fR81DZczRRqWOm02eq70AA==\", \"subType\": \"04\"}}}, \"$clusterTime\": {\"clusterTime\": {\"$timestamp\": {\"t\": 1727824848, \"i\": 8}}, \"signature\": {\"hash\": {\"$binary\": {\"base64\": \"jVN9q88W6SOY8/7Ymn4pWecqld0=\", \"subType\": \"00\"}}, \"keyId\": 7384862756966498310}}, \"$db\": \"twitsnaps\"}", "commandName": "find", "databaseName": "twitsnaps", "requestId": 26500, "operationId": 26500, "driverConnectionId": 1, "serverConnectionId": 707851, "serverHost": "twitsnaps-shard-00-01.gotah.mongodb.net", "serverPort": 27017}
2024-10-01 20:20:52,712 - DEBUG - pymongo.command - {"clientId": {"$oid": "66fc83b12646d0e9b9780b3c"}, "message": "Command succeeded", "durationMS": 48.332, "reply": "{\"cursor\": {\"ns\": \"twitsnaps.twitsnaps\"}, \"ok\": 1.0, \"$clusterTime\": {\"clusterTime\": {\"$timestamp\": {\"t\": 1727824853, \"i\": 2}}, \"signature\": {\"hash\": {\"$binary\": {\"base64\": \"qtBML78pe0qvw5MR49n8+fVt83o=\", \"subType\": \"00\"}}, \"keyId\": 7384862756966498310}}, \"operationTime\": {\"$timestamp\": {\"t\": 1727824853, \"i\": 2}}}", "commandName": "find", "databaseName": "twitsnaps", "requestId": 26500, "operationId": 26500, "driverConnectionId": 1, "serverConnectionId": 707851, "serverHost": "twitsnaps-shard-00-01.gotah.mongodb.net", "serverPort": 27017}
2024-10-01 20:20:52,714 - DEBUG - pymongo.connection - {"clientId": {"$oid": "66fc83b12646d0e9b9780b3c"}, "message": "Connection checked in", "serverHost": "twitsnaps-shard-00-01.gotah.mongodb.net", "serverPort": 27017, "driverConnectionId": 1}
2024-10-01 20:20:52,716 - WARNING - app.config - Caught HTTPException: No snaps found.
2024-10-01 21:33:48,527 - DEBUG - pymongo.connection - {"clientId": {"$oid": "66fc94ecbbaa22ab5e3423a9"}, "message": "Connection pool created", "serverHost": "twitsnaps-shard-00-02.gotah.mongodb.net", "serverPort": 27017}
2024-10-01 21:33:48,531 - DEBUG - pymongo.connection - {"clientId": {"$oid": "66fc94ecbbaa22ab5e3423a9"}, "message": "Connection pool created", "serverHost": "twitsnaps-shard-00-01.gotah.mongodb.net", "serverPort": 27017}
2024-10-01 21:33:48,532 - DEBUG - pymongo.connection - {"clientId": {"$oid": "66fc94ecbbaa22ab5e3423a9"}, "message": "Connection pool created", "serverHost": "twitsnaps-shard-00-00.gotah.mongodb.net", "serverPort": 27017}
2024-10-01 21:33:48,579 - INFO - app.config - FastAPI application is starting...
2024-10-01 21:33:48,982 - DEBUG - pymongo.connection - {"clientId": {"$oid": "66fc94ecbbaa22ab5e3423a9"}, "message": "Connection pool ready", "serverHost": "twitsnaps-shard-00-02.gotah.mongodb.net", "serverPort": 27017}
2024-10-01 21:33:49,032 - DEBUG - pymongo.connection - {"clientId": {"$oid": "66fc94ecbbaa22ab5e3423a9"}, "message": "Connection pool ready", "serverHost": "twitsnaps-shard-00-01.gotah.mongodb.net", "serverPort": 27017}
2024-10-01 21:33:49,138 - DEBUG - pymongo.connection - {"clientId": {"$oid": "66fc94ecbbaa22ab5e3423a9"}, "message": "Connection pool ready", "serverHost": "twitsnaps-shard-00-00.gotah.mongodb.net", "serverPort": 27017}
2024-10-01 21:33:53,965 - INFO - app.config - Request received
2024-10-01 21:33:54,170 - INFO - app.config - Request received
2024-10-01 21:34:10,643 - INFO - app.config - Request received
2024-10-01 21:34:10,647 - DEBUG - pymongo.serverSelection - {"message": "Server selection started", "selector": "Primary()", "operation": "find", "topologyDescription": "<TopologyDescription id: 66fc94ecbbaa22ab5e3423a9, topology_type: ReplicaSetWithPrimary, servers: [<ServerDescription ('twitsnaps-shard-00-00.gotah.mongodb.net', 27017) server_type: RSSecondary, rtt: 0.0470000000204891>, <ServerDescription ('twitsnaps-shard-00-01.gotah.mongodb.net', 27017) server_type: RSPrimary, rtt: 0.044439999964088206>, <ServerDescription ('twitsnaps-shard-00-02.gotah.mongodb.net', 27017) server_type: RSSecondary, rtt: 0.04380000009201467>]>", "clientId": {"$oid": "66fc94ecbbaa22ab5e3423a9"}}
2024-10-01 21:34:10,650 - DEBUG - pymongo.serverSelection - {"message": "Server selection succeeded", "selector": "Primary()", "operation": "find", "topologyDescription": "<TopologyDescription id: 66fc94ecbbaa22ab5e3423a9, topology_type: ReplicaSetWithPrimary, servers: [<ServerDescription ('twitsnaps-shard-00-00.gotah.mongodb.net', 27017) server_type: RSSecondary, rtt: 0.0470000000204891>, <ServerDescription ('twitsnaps-shard-00-01.gotah.mongodb.net', 27017) server_type: RSPrimary, rtt: 0.044439999964088206>, <ServerDescription ('twitsnaps-shard-00-02.gotah.mongodb.net', 27017) server_type: RSSecondary, rtt: 0.04380000009201467>]>", "clientId": {"$oid": "66fc94ecbbaa22ab5e3423a9"}, "serverHost": "twitsnaps-shard-00-01.gotah.mongodb.net", "serverPort": 27017}
2024-10-01 21:34:10,653 - DEBUG - pymongo.connection - {"clientId": {"$oid": "66fc94ecbbaa22ab5e3423a9"}, "message": "Connection checkout started", "serverHost": "twitsnaps-shard-00-01.gotah.mongodb.net", "serverPort": 27017}
2024-10-01 21:34:10,654 - DEBUG - pymongo.connection - {"clientId": {"$oid": "66fc94ecbbaa22ab5e3423a9"}, "message": "Connection created", "serverHost": "twitsnaps-shard-00-01.gotah.mongodb.net", "serverPort": 27017, "driverConnectionId": 1}
2024-10-01 21:34:10,933 - DEBUG - pymongo.connection - {"clientId": {"$oid": "66fc94ecbbaa22ab5e3423a9"}, "message": "Connection ready", "serverHost": "twitsnaps-shard-00-01.gotah.mongodb.net", "serverPort": 27017, "driverConnectionId": 1, "durationMS": 0.125}
2024-10-01 21:34:10,935 - DEBUG - pymongo.connection - {"clientId": {"$oid": "66fc94ecbbaa22ab5e3423a9"}, "message": "Connection checked out", "serverHost": "twitsnaps-shard-00-01.gotah.mongodb.net", "serverPort": 27017, "driverConnectionId": 1, "durationMS": 0.28199999989010394}
2024-10-01 21:34:10,936 - DEBUG - pymongo.command - {"clientId": {"$oid": "66fc94ecbbaa22ab5e3423a9"}, "message": "Command started", "command": "{\"find\": \"twitsnaps\", \"filter\": {\"hashtags\": \"#fun\"}, \"apiVersion\": \"1\", \"lsid\": {\"id\": {\"$binary\": {\"base64\": \"ujYW/A4nRM2QDwgf5EMm6Q==\", \"subType\": \"04\"}}}, \"$clusterTime\": {\"clusterTime\": {\"$timestamp\": {\"t\": 1727829249, \"i\": 5}}, \"signature\": {\"hash\": {\"$binary\": {\"base64\": \"lHcxSzz17rEuXJkqebQ2c1JbEWE=\", \"subType\": \"00\"}}, \"keyId\": 7384862756966498310}}, \"$db\": \"twitsnaps\"}", "commandName": "find", "databaseName": "twitsnaps", "requestId": 26500, "operationId": 26500, "driverConnectionId": 1, "serverConnectionId": 708421, "serverHost": "twitsnaps-shard-00-01.gotah.mongodb.net", "serverPort": 27017}
2024-10-01 21:34:10,992 - DEBUG - pymongo.command - {"clientId": {"$oid": "66fc94ecbbaa22ab5e3423a9"}, "message": "Command succeeded", "durationMS": 55.84, "reply": "{\"cursor\": {\"ns\": \"twitsnaps.twitsnaps\"}, \"ok\": 1.0, \"$clusterTime\": {\"clusterTime\": {\"$timestamp\": {\"t\": 1727829251, \"i\": 5}}, \"signature\": {\"hash\": {\"$binary\": {\"base64\": \"SkOLXuHOwMDDxVA2JfOcowTljng=\", \"subType\": \"00\"}}, \"keyId\": 7384862756966498310}}, \"operationTime\": {\"$timestamp\": {\"t\": 1727829251, \"i\": 5}}}", "commandName": "find", "databaseName": "twitsnaps", "requestId": 26500, "operationId": 26500, "driverConnectionId": 1, "serverConnectionId": 708421, "serverHost": "twitsnaps-shard-00-01.gotah.mongodb.net", "serverPort": 27017}
2024-10-01 21:34:10,994 - DEBUG - pymongo.connection - {"clientId": {"$oid": "66fc94ecbbaa22ab5e3423a9"}, "message": "Connection checked in", "serverHost": "twitsnaps-shard-00-01.gotah.mongodb.net", "serverPort": 27017, "driverConnectionId": 1}
2024-10-01 21:34:10,995 - WARNING - app.config - Caught HTTPException: No snaps found with that hashtag.
